[handleMsg]:  {
  key: {
    remoteJid: '5493815993444@s.whatsapp.net',
    fromMe: false,
    id: '3EB0B1DECC70E0BE51F184',
    participant: undefined
  },
  messageTimestamp: 1724252127,
  pushName: 'Luca Barrionuevo',
  broadcast: false,
  message: Message {
    extendedTextMessage: ExtendedTextMessage {
      text: 'AH OKA',
      contextInfo: [ContextInfo],
      inviteLinkGroupTypeV2: 0
    },
    messageContextInfo: MessageContextInfo {
      deviceListMetadata: [DeviceListMetadata],
      deviceListMetadataVersion: 2
    }
  },
  body: 'AH OKA',
  from: '5493815993444'
}
